<?xml version="1.0" encoding="utf-8"?><testsuites><testsuite name="pytest" errors="0" failures="0" skipped="0" tests="3" time="0.153" timestamp="2021-10-19T14:59:00.700965" hostname="Burhanuddins-MacBook-Pro.local"><testcase classname="tests.test_fare_calculator.TestJourneyFare" name="test_day_journies_each_fare" time="0.005" /><testcase classname="tests.test_fare_calculator.TestJourneyFare" name="test_day_journies_fare" time="0.005" /><testcase classname="tests.test_fare_calculator.TestJourneyFare" name="test_weekly_journies_fare" time="0.003" /></testsuite></testsuites>